<?xml version="1.0" encoding="UTF-8"?>
<!-- Generated by org.testng.reporters.JUnitReportReporter -->
<testsuite hostname="QT-INBG-LT0353" failures="0" tests="3" name="myTest.introduction" time="0.008" errors="0" timestamp="2022-07-20T15:03:02 IST" skipped="0">
  <testcase classname="myTest.introduction" name="test3" time="0.001"/>
  <system-out/>
  <testcase classname="myTest.introduction" name="test2" time="0.001"/>
  <system-out/>
  <testcase classname="myTest.introduction" name="test1" time="0.006"/>
  <system-out/>
</testsuite> <!-- myTest.introduction -->
