<?xml version="1.0" encoding="UTF-8"?>
<!-- Generated by org.testng.reporters.JUnitReportReporter -->
<testsuite hostname="QT-INBG-LT0353" failures="0" tests="5" name="test.ExistingUser" time="48.388" errors="0" timestamp="2022-06-20T15:37:46 IST" skipped="0">
  <testcase classname="test.ExistingUser" name="login" time="12.821"/>
  <system-out/>
  <testcase classname="test.ExistingUser" name="login" time="8.880"/>
  <system-out/>
  <testcase classname="test.ExistingUser" name="login" time="8.752"/>
  <system-out/>
  <testcase classname="test.ExistingUser" name="login" time="9.321"/>
  <system-out/>
  <testcase classname="test.ExistingUser" name="login" time="8.614"/>
  <system-out/>
</testsuite> <!-- test.ExistingUser -->
