<?xml version="1.0" encoding="UTF-8"?>
<!-- Generated by org.testng.reporters.JUnitReportReporter -->
<testsuite hostname="QT-INBG-LT0353" failures="0" tests="1" name="Testcases.OrangeHRMendToend" time="23.218" errors="0" timestamp="2022-08-04T13:46:38 IST" skipped="0">
  <testcase classname="Testcases.OrangeHRMendToend" name="end2endflow" time="23.218"/>
  <system-out/>
</testsuite> <!-- Testcases.OrangeHRMendToend -->
