<?xml version="1.0" encoding="UTF-8"?>
<!-- Generated by org.testng.reporters.JUnitReportReporter -->
<testsuite hostname="QT-INBG-LT0353" failures="0" tests="1" name="Testcases.loginApplication" time="9.220" errors="0" timestamp="2022-06-09T21:29:20 IST" skipped="0">
  <testcase classname="Testcases.loginApplication" name="login" time="9.220"/>
  <system-out/>
</testsuite> <!-- Testcases.loginApplication -->
